<?xml version="1.0" encoding="UTF-8"?>
<testsuite name="com.cnubot.cnubotserver.JasyptConfigTest" tests="1" skipped="0" failures="0" errors="0" timestamp="2022-10-27T14:08:57" hostname="DESKTOP-M6VQQ1Q" time="0.288">
  <properties/>
  <testcase name="jasypt()" classname="com.cnubot.cnubotserver.JasyptConfigTest" time="0.288"/>
  <system-out><![CDATA[null
1234
1234
1234
encryptUrl : +5OWcIgxD/Lhiz6XV8m7rLo2Wh8VzCvqGRogXGE3At/r1UGQLXaJBmhjYY8UxmJ1gTcqULpYXqFQrtJ4TGYjwrz6L8QhZ8+ZpJtV0YNHMBCIocpt53bXxVlZj/rmVaUu6zH/nY1OIk0=
encryptUsername : ZZCJSO1j+XiHqbJgFFVm7g==
encryptPassword : 4uLCv2uRMLThzcsaiqzSHA==
]]></system-out>
  <system-err><![CDATA[]]></system-err>
</testsuite>
